{"/home/segware/projetos-pessoais/learn-ffmpeg-with-nodejs/src/__tests__/mocks/ffmpegMock.js": {"path":"/home/segware/projetos-pessoais/learn-ffmpeg-with-nodejs/src/__tests__/mocks/ffmpegMock.js","statementMap":{"0":{"start":{"line":8,"column":4},"end":{"line":8,"column":49}},"1":{"start":{"line":9,"column":4},"end":{"line":9,"column":45}},"2":{"start":{"line":10,"column":4},"end":{"line":10,"column":52}},"3":{"start":{"line":11,"column":4},"end":{"line":18,"column":7}},"4":{"start":{"line":12,"column":6},"end":{"line":16,"column":7}},"5":{"start":{"line":13,"column":8},"end":{"line":13,"column":37}},"6":{"start":{"line":14,"column":13},"end":{"line":16,"column":7}},"7":{"start":{"line":15,"column":8},"end":{"line":15,"column":39}},"8":{"start":{"line":17,"column":6},"end":{"line":17,"column":18}},"9":{"start":{"line":19,"column":4},"end":{"line":21,"column":7}},"10":{"start":{"line":20,"column":6},"end":{"line":20,"column":18}},"11":{"start":{"line":23,"column":4},"end":{"line":23,"column":32}},"12":{"start":{"line":24,"column":4},"end":{"line":24,"column":23}},"13":{"start":{"line":29,"column":4},"end":{"line":31,"column":5}},"14":{"start":{"line":30,"column":6},"end":{"line":30,"column":61}},"15":{"start":{"line":36,"column":4},"end":{"line":38,"column":5}},"16":{"start":{"line":37,"column":6},"end":{"line":37,"column":26}},"17":{"start":{"line":43,"column":20},"end":{"line":88,"column":2}},"18":{"start":{"line":44,"column":2},"end":{"line":47,"column":3}},"19":{"start":{"line":45,"column":4},"end":{"line":45,"column":58}},"20":{"start":{"line":46,"column":4},"end":{"line":46,"column":11}},"21":{"start":{"line":50,"column":23},"end":{"line":85,"column":3}},"22":{"start":{"line":87,"column":2},"end":{"line":87,"column":31}},"23":{"start":{"line":91,"column":0},"end":{"line":91,"column":35}},"24":{"start":{"line":94,"column":23},"end":{"line":96,"column":2}},"25":{"start":{"line":95,"column":2},"end":{"line":95,"column":26}},"26":{"start":{"line":98,"column":0},"end":{"line":98,"column":37}},"27":{"start":{"line":100,"column":0},"end":{"line":100,"column":32}}},"fnMap":{"0":{"name":"(anonymous_0)","decl":{"start":{"line":7,"column":2},"end":{"line":7,"column":3}},"loc":{"start":{"line":7,"column":16},"end":{"line":25,"column":3}},"line":7},"1":{"name":"(anonymous_1)","decl":{"start":{"line":11,"column":22},"end":{"line":11,"column":23}},"loc":{"start":{"line":11,"column":43},"end":{"line":18,"column":5}},"line":11},"2":{"name":"(anonymous_2)","decl":{"start":{"line":19,"column":23},"end":{"line":19,"column":24}},"loc":{"start":{"line":19,"column":29},"end":{"line":21,"column":5}},"line":19},"3":{"name":"(anonymous_3)","decl":{"start":{"line":28,"column":2},"end":{"line":28,"column":3}},"loc":{"start":{"line":28,"column":21},"end":{"line":32,"column":3}},"line":28},"4":{"name":"(anonymous_4)","decl":{"start":{"line":35,"column":2},"end":{"line":35,"column":3}},"loc":{"start":{"line":35,"column":20},"end":{"line":39,"column":3}},"line":35},"5":{"name":"(anonymous_5)","decl":{"start":{"line":43,"column":28},"end":{"line":43,"column":29}},"loc":{"start":{"line":43,"column":48},"end":{"line":88,"column":1}},"line":43},"6":{"name":"(anonymous_6)","decl":{"start":{"line":94,"column":31},"end":{"line":94,"column":32}},"loc":{"start":{"line":94,"column":37},"end":{"line":96,"column":1}},"line":94}},"branchMap":{"0":{"loc":{"start":{"line":12,"column":6},"end":{"line":16,"column":7}},"type":"if","locations":[{"start":{"line":12,"column":6},"end":{"line":16,"column":7}},{"start":{"line":14,"column":13},"end":{"line":16,"column":7}}],"line":12},"1":{"loc":{"start":{"line":14,"column":13},"end":{"line":16,"column":7}},"type":"if","locations":[{"start":{"line":14,"column":13},"end":{"line":16,"column":7}},{"start":{},"end":{}}],"line":14},"2":{"loc":{"start":{"line":29,"column":4},"end":{"line":31,"column":5}},"type":"if","locations":[{"start":{"line":29,"column":4},"end":{"line":31,"column":5}},{"start":{},"end":{}}],"line":29},"3":{"loc":{"start":{"line":30,"column":26},"end":{"line":30,"column":59}},"type":"binary-expr","locations":[{"start":{"line":30,"column":26},"end":{"line":30,"column":29}},{"start":{"line":30,"column":33},"end":{"line":30,"column":59}}],"line":30},"4":{"loc":{"start":{"line":36,"column":4},"end":{"line":38,"column":5}},"type":"if","locations":[{"start":{"line":36,"column":4},"end":{"line":38,"column":5}},{"start":{},"end":{}}],"line":36},"5":{"loc":{"start":{"line":44,"column":2},"end":{"line":47,"column":3}},"type":"if","locations":[{"start":{"line":44,"column":2},"end":{"line":47,"column":3}},{"start":{},"end":{}}],"line":44}},"s":{"0":12,"1":12,"2":12,"3":12,"4":24,"5":12,"6":12,"7":12,"8":24,"9":12,"10":12,"11":12,"12":12,"13":5,"14":5,"15":7,"16":7,"17":1,"18":2,"19":1,"20":1,"21":1,"22":1,"23":1,"24":1,"25":12,"26":1,"27":1},"f":{"0":12,"1":24,"2":12,"3":5,"4":7,"5":2,"6":12},"b":{"0":[12,12],"1":[12,0],"2":[5,0],"3":[5,0],"4":[7,0],"5":[1,1]},"_coverageSchema":"1a1c01bbd47fc00a2c39e90264f33305004495a9","hash":"c5483adc1afa06850785e950a58b8e0d14eb267e"}
,"/home/segware/projetos-pessoais/learn-ffmpeg-with-nodejs/src/__tests__/mocks/fsMock.js": {"path":"/home/segware/projetos-pessoais/learn-ffmpeg-with-nodejs/src/__tests__/mocks/fsMock.js","statementMap":{"0":{"start":{"line":4,"column":15},"end":{"line":10,"column":1}},"1":{"start":{"line":12,"column":0},"end":{"line":12,"column":24}}},"fnMap":{},"branchMap":{},"s":{"0":1,"1":1},"f":{},"b":{},"_coverageSchema":"1a1c01bbd47fc00a2c39e90264f33305004495a9","hash":"593b12e093a6792f5cf7601e27b7eea81bc283c8"}
,"/home/segware/projetos-pessoais/learn-ffmpeg-with-nodejs/src/config/app.js": {"path":"/home/segware/projetos-pessoais/learn-ffmpeg-with-nodejs/src/config/app.js","statementMap":{"0":{"start":{"line":4,"column":0},"end":{"line":10,"column":2}}},"fnMap":{},"branchMap":{"0":{"loc":{"start":{"line":5,"column":8},"end":{"line":5,"column":32}},"type":"binary-expr","locations":[{"start":{"line":5,"column":8},"end":{"line":5,"column":24}},{"start":{"line":5,"column":28},"end":{"line":5,"column":32}}],"line":5}},"s":{"0":2},"f":{},"b":{"0":[2,2]},"_coverageSchema":"1a1c01bbd47fc00a2c39e90264f33305004495a9","hash":"83e62c4ac035d06ebe075fdf57089d65c497238a"}
,"/home/segware/projetos-pessoais/learn-ffmpeg-with-nodejs/src/controllers/ffmpegController.js": {"path":"/home/segware/projetos-pessoais/learn-ffmpeg-with-nodejs/src/controllers/ffmpegController.js","statementMap":{"0":{"start":{"line":1,"column":22},"end":{"line":1,"column":58}},"1":{"start":{"line":11,"column":4},"end":{"line":17,"column":5}},"2":{"start":{"line":12,"column":6},"end":{"line":12,"column":41}},"3":{"start":{"line":13,"column":6},"end":{"line":13,"column":33}},"4":{"start":{"line":15,"column":6},"end":{"line":15,"column":56}},"5":{"start":{"line":16,"column":6},"end":{"line":16,"column":75}},"6":{"start":{"line":24,"column":4},"end":{"line":30,"column":5}},"7":{"start":{"line":25,"column":23},"end":{"line":25,"column":56}},"8":{"start":{"line":26,"column":6},"end":{"line":26,"column":25}},"9":{"start":{"line":28,"column":6},"end":{"line":28,"column":53}},"10":{"start":{"line":29,"column":6},"end":{"line":29,"column":74}},"11":{"start":{"line":37,"column":4},"end":{"line":43,"column":5}},"12":{"start":{"line":38,"column":6},"end":{"line":38,"column":42}},"13":{"start":{"line":39,"column":6},"end":{"line":39,"column":26}},"14":{"start":{"line":41,"column":6},"end":{"line":41,"column":57}},"15":{"start":{"line":42,"column":6},"end":{"line":42,"column":76}},"16":{"start":{"line":50,"column":4},"end":{"line":56,"column":5}},"17":{"start":{"line":51,"column":6},"end":{"line":51,"column":45}},"18":{"start":{"line":52,"column":6},"end":{"line":52,"column":33}},"19":{"start":{"line":54,"column":6},"end":{"line":54,"column":57}},"20":{"start":{"line":55,"column":6},"end":{"line":55,"column":76}},"21":{"start":{"line":63,"column":4},"end":{"line":69,"column":5}},"22":{"start":{"line":64,"column":6},"end":{"line":64,"column":46}},"23":{"start":{"line":65,"column":6},"end":{"line":65,"column":33}},"24":{"start":{"line":67,"column":6},"end":{"line":67,"column":62}},"25":{"start":{"line":68,"column":6},"end":{"line":68,"column":84}},"26":{"start":{"line":76,"column":4},"end":{"line":82,"column":5}},"27":{"start":{"line":77,"column":29},"end":{"line":77,"column":67}},"28":{"start":{"line":78,"column":6},"end":{"line":78,"column":59}},"29":{"start":{"line":80,"column":6},"end":{"line":80,"column":61}},"30":{"start":{"line":81,"column":6},"end":{"line":81,"column":83}},"31":{"start":{"line":89,"column":4},"end":{"line":94,"column":5}},"32":{"start":{"line":90,"column":6},"end":{"line":90,"column":77}},"33":{"start":{"line":92,"column":6},"end":{"line":92,"column":60}},"34":{"start":{"line":93,"column":6},"end":{"line":93,"column":72}},"35":{"start":{"line":98,"column":0},"end":{"line":98,"column":40}}},"fnMap":{"0":{"name":"(anonymous_0)","decl":{"start":{"line":10,"column":2},"end":{"line":10,"column":3}},"loc":{"start":{"line":10,"column":31},"end":{"line":18,"column":3}},"line":10},"1":{"name":"(anonymous_1)","decl":{"start":{"line":23,"column":2},"end":{"line":23,"column":3}},"loc":{"start":{"line":23,"column":30},"end":{"line":31,"column":3}},"line":23},"2":{"name":"(anonymous_2)","decl":{"start":{"line":36,"column":2},"end":{"line":36,"column":3}},"loc":{"start":{"line":36,"column":32},"end":{"line":44,"column":3}},"line":36},"3":{"name":"(anonymous_3)","decl":{"start":{"line":49,"column":2},"end":{"line":49,"column":3}},"loc":{"start":{"line":49,"column":35},"end":{"line":57,"column":3}},"line":49},"4":{"name":"(anonymous_4)","decl":{"start":{"line":62,"column":2},"end":{"line":62,"column":3}},"loc":{"start":{"line":62,"column":36},"end":{"line":70,"column":3}},"line":62},"5":{"name":"(anonymous_5)","decl":{"start":{"line":75,"column":2},"end":{"line":75,"column":3}},"loc":{"start":{"line":75,"column":35},"end":{"line":83,"column":3}},"line":75},"6":{"name":"(anonymous_6)","decl":{"start":{"line":88,"column":2},"end":{"line":88,"column":3}},"loc":{"start":{"line":88,"column":24},"end":{"line":95,"column":3}},"line":88}},"branchMap":{},"s":{"0":1,"1":2,"2":2,"3":1,"4":1,"5":1,"6":2,"7":2,"8":1,"9":1,"10":1,"11":2,"12":2,"13":1,"14":1,"15":1,"16":2,"17":2,"18":1,"19":1,"20":1,"21":2,"22":2,"23":1,"24":1,"25":1,"26":2,"27":2,"28":1,"29":1,"30":1,"31":2,"32":2,"33":1,"34":1,"35":1},"f":{"0":2,"1":2,"2":2,"3":2,"4":2,"5":2,"6":2},"b":{},"_coverageSchema":"1a1c01bbd47fc00a2c39e90264f33305004495a9","hash":"900a6e76b7d3e7d53f5dea8edd381093a2b2c842"}
,"/home/segware/projetos-pessoais/learn-ffmpeg-with-nodejs/src/services/ffmpegService.js": {"path":"/home/segware/projetos-pessoais/learn-ffmpeg-with-nodejs/src/services/ffmpegService.js","statementMap":{"0":{"start":{"line":1,"column":15},"end":{"line":1,"column":39}},"1":{"start":{"line":2,"column":11},"end":{"line":2,"column":24}},"2":{"start":{"line":3,"column":13},"end":{"line":3,"column":28}},"3":{"start":{"line":4,"column":15},"end":{"line":4,"column":39}},"4":{"start":{"line":14,"column":4},"end":{"line":27,"column":7}},"5":{"start":{"line":15,"column":22},"end":{"line":24,"column":10}},"6":{"start":{"line":18,"column":10},"end":{"line":18,"column":46}},"7":{"start":{"line":19,"column":10},"end":{"line":19,"column":20}},"8":{"start":{"line":22,"column":10},"end":{"line":22,"column":58}},"9":{"start":{"line":23,"column":10},"end":{"line":23,"column":22}},"10":{"start":{"line":26,"column":6},"end":{"line":26,"column":20}},"11":{"start":{"line":34,"column":4},"end":{"line":84,"column":7}},"12":{"start":{"line":35,"column":6},"end":{"line":83,"column":9}},"13":{"start":{"line":36,"column":8},"end":{"line":40,"column":9}},"14":{"start":{"line":37,"column":10},"end":{"line":37,"column":57}},"15":{"start":{"line":38,"column":10},"end":{"line":38,"column":22}},"16":{"start":{"line":39,"column":10},"end":{"line":39,"column":17}},"17":{"start":{"line":43,"column":28},"end":{"line":45,"column":9}},"18":{"start":{"line":44,"column":22},"end":{"line":44,"column":51}},"19":{"start":{"line":46,"column":28},"end":{"line":48,"column":9}},"20":{"start":{"line":47,"column":22},"end":{"line":47,"column":51}},"21":{"start":{"line":51,"column":33},"end":{"line":80,"column":9}},"22":{"start":{"line":82,"column":8},"end":{"line":82,"column":34}},"23":{"start":{"line":91,"column":4},"end":{"line":105,"column":7}},"24":{"start":{"line":92,"column":22},"end":{"line":102,"column":10}},"25":{"start":{"line":96,"column":10},"end":{"line":96,"column":56}},"26":{"start":{"line":97,"column":10},"end":{"line":97,"column":20}},"27":{"start":{"line":100,"column":10},"end":{"line":100,"column":58}},"28":{"start":{"line":101,"column":10},"end":{"line":101,"column":22}},"29":{"start":{"line":104,"column":6},"end":{"line":104,"column":20}},"30":{"start":{"line":112,"column":4},"end":{"line":134,"column":7}},"31":{"start":{"line":113,"column":22},"end":{"line":131,"column":10}},"32":{"start":{"line":125,"column":10},"end":{"line":125,"column":55}},"33":{"start":{"line":126,"column":10},"end":{"line":126,"column":56}},"34":{"start":{"line":129,"column":10},"end":{"line":129,"column":67}},"35":{"start":{"line":130,"column":10},"end":{"line":130,"column":22}},"36":{"start":{"line":133,"column":6},"end":{"line":133,"column":20}},"37":{"start":{"line":141,"column":4},"end":{"line":170,"column":7}},"38":{"start":{"line":142,"column":24},"end":{"line":142,"column":51}},"39":{"start":{"line":145,"column":6},"end":{"line":147,"column":7}},"40":{"start":{"line":146,"column":8},"end":{"line":146,"column":53}},"41":{"start":{"line":149,"column":22},"end":{"line":167,"column":10}},"42":{"start":{"line":161,"column":10},"end":{"line":161,"column":55}},"43":{"start":{"line":162,"column":10},"end":{"line":162,"column":48}},"44":{"start":{"line":165,"column":10},"end":{"line":165,"column":67}},"45":{"start":{"line":166,"column":10},"end":{"line":166,"column":22}},"46":{"start":{"line":169,"column":6},"end":{"line":169,"column":20}},"47":{"start":{"line":177,"column":4},"end":{"line":203,"column":7}},"48":{"start":{"line":178,"column":30},"end":{"line":178,"column":56}},"49":{"start":{"line":179,"column":25},"end":{"line":179,"column":37}},"50":{"start":{"line":180,"column":29},"end":{"line":180,"column":67}},"51":{"start":{"line":183,"column":6},"end":{"line":185,"column":7}},"52":{"start":{"line":184,"column":8},"end":{"line":184,"column":59}},"53":{"start":{"line":187,"column":22},"end":{"line":200,"column":10}},"54":{"start":{"line":194,"column":10},"end":{"line":194,"column":71}},"55":{"start":{"line":195,"column":10},"end":{"line":195,"column":34}},"56":{"start":{"line":198,"column":10},"end":{"line":198,"column":67}},"57":{"start":{"line":199,"column":10},"end":{"line":199,"column":22}},"58":{"start":{"line":202,"column":6},"end":{"line":202,"column":20}},"59":{"start":{"line":210,"column":4},"end":{"line":210,"column":67}},"60":{"start":{"line":214,"column":0},"end":{"line":214,"column":37}}},"fnMap":{"0":{"name":"(anonymous_0)","decl":{"start":{"line":13,"column":2},"end":{"line":13,"column":3}},"loc":{"start":{"line":13,"column":17},"end":{"line":28,"column":3}},"line":13},"1":{"name":"(anonymous_1)","decl":{"start":{"line":14,"column":23},"end":{"line":14,"column":24}},"loc":{"start":{"line":14,"column":44},"end":{"line":27,"column":5}},"line":14},"2":{"name":"(anonymous_2)","decl":{"start":{"line":17,"column":19},"end":{"line":17,"column":20}},"loc":{"start":{"line":17,"column":31},"end":{"line":20,"column":9}},"line":17},"3":{"name":"(anonymous_3)","decl":{"start":{"line":21,"column":21},"end":{"line":21,"column":22}},"loc":{"start":{"line":21,"column":36},"end":{"line":24,"column":9}},"line":21},"4":{"name":"(anonymous_4)","decl":{"start":{"line":33,"column":2},"end":{"line":33,"column":3}},"loc":{"start":{"line":33,"column":16},"end":{"line":85,"column":3}},"line":33},"5":{"name":"(anonymous_5)","decl":{"start":{"line":34,"column":23},"end":{"line":34,"column":24}},"loc":{"start":{"line":34,"column":44},"end":{"line":84,"column":5}},"line":34},"6":{"name":"(anonymous_6)","decl":{"start":{"line":35,"column":39},"end":{"line":35,"column":40}},"loc":{"start":{"line":35,"column":58},"end":{"line":83,"column":7}},"line":35},"7":{"name":"(anonymous_7)","decl":{"start":{"line":44,"column":10},"end":{"line":44,"column":11}},"loc":{"start":{"line":44,"column":22},"end":{"line":44,"column":51}},"line":44},"8":{"name":"(anonymous_8)","decl":{"start":{"line":47,"column":10},"end":{"line":47,"column":11}},"loc":{"start":{"line":47,"column":22},"end":{"line":47,"column":51}},"line":47},"9":{"name":"(anonymous_9)","decl":{"start":{"line":90,"column":2},"end":{"line":90,"column":3}},"loc":{"start":{"line":90,"column":18},"end":{"line":106,"column":3}},"line":90},"10":{"name":"(anonymous_10)","decl":{"start":{"line":91,"column":23},"end":{"line":91,"column":24}},"loc":{"start":{"line":91,"column":44},"end":{"line":105,"column":5}},"line":91},"11":{"name":"(anonymous_11)","decl":{"start":{"line":95,"column":19},"end":{"line":95,"column":20}},"loc":{"start":{"line":95,"column":31},"end":{"line":98,"column":9}},"line":95},"12":{"name":"(anonymous_12)","decl":{"start":{"line":99,"column":21},"end":{"line":99,"column":22}},"loc":{"start":{"line":99,"column":36},"end":{"line":102,"column":9}},"line":99},"13":{"name":"(anonymous_13)","decl":{"start":{"line":111,"column":2},"end":{"line":111,"column":3}},"loc":{"start":{"line":111,"column":21},"end":{"line":135,"column":3}},"line":111},"14":{"name":"(anonymous_14)","decl":{"start":{"line":112,"column":23},"end":{"line":112,"column":24}},"loc":{"start":{"line":112,"column":44},"end":{"line":134,"column":5}},"line":112},"15":{"name":"(anonymous_15)","decl":{"start":{"line":124,"column":19},"end":{"line":124,"column":20}},"loc":{"start":{"line":124,"column":31},"end":{"line":127,"column":9}},"line":124},"16":{"name":"(anonymous_16)","decl":{"start":{"line":128,"column":21},"end":{"line":128,"column":22}},"loc":{"start":{"line":128,"column":36},"end":{"line":131,"column":9}},"line":128},"17":{"name":"(anonymous_17)","decl":{"start":{"line":140,"column":2},"end":{"line":140,"column":3}},"loc":{"start":{"line":140,"column":22},"end":{"line":171,"column":3}},"line":140},"18":{"name":"(anonymous_18)","decl":{"start":{"line":141,"column":23},"end":{"line":141,"column":24}},"loc":{"start":{"line":141,"column":44},"end":{"line":170,"column":5}},"line":141},"19":{"name":"(anonymous_19)","decl":{"start":{"line":160,"column":19},"end":{"line":160,"column":20}},"loc":{"start":{"line":160,"column":31},"end":{"line":163,"column":9}},"line":160},"20":{"name":"(anonymous_20)","decl":{"start":{"line":164,"column":21},"end":{"line":164,"column":22}},"loc":{"start":{"line":164,"column":36},"end":{"line":167,"column":9}},"line":164},"21":{"name":"(anonymous_21)","decl":{"start":{"line":176,"column":2},"end":{"line":176,"column":3}},"loc":{"start":{"line":176,"column":21},"end":{"line":204,"column":3}},"line":176},"22":{"name":"(anonymous_22)","decl":{"start":{"line":177,"column":23},"end":{"line":177,"column":24}},"loc":{"start":{"line":177,"column":44},"end":{"line":203,"column":5}},"line":177},"23":{"name":"(anonymous_23)","decl":{"start":{"line":193,"column":19},"end":{"line":193,"column":20}},"loc":{"start":{"line":193,"column":30},"end":{"line":196,"column":9}},"line":193},"24":{"name":"(anonymous_24)","decl":{"start":{"line":197,"column":21},"end":{"line":197,"column":22}},"loc":{"start":{"line":197,"column":35},"end":{"line":200,"column":9}},"line":197},"25":{"name":"(anonymous_25)","decl":{"start":{"line":209,"column":2},"end":{"line":209,"column":3}},"loc":{"start":{"line":209,"column":19},"end":{"line":211,"column":3}},"line":209}},"branchMap":{"0":{"loc":{"start":{"line":36,"column":8},"end":{"line":40,"column":9}},"type":"if","locations":[{"start":{"line":36,"column":8},"end":{"line":40,"column":9}},{"start":{},"end":{}}],"line":36},"1":{"loc":{"start":{"line":145,"column":6},"end":{"line":147,"column":7}},"type":"if","locations":[{"start":{"line":145,"column":6},"end":{"line":147,"column":7}},{"start":{},"end":{}}],"line":145},"2":{"loc":{"start":{"line":183,"column":6},"end":{"line":185,"column":7}},"type":"if","locations":[{"start":{"line":183,"column":6},"end":{"line":185,"column":7}},{"start":{},"end":{}}],"line":183}},"s":{"0":2,"1":2,"2":2,"3":2,"4":2,"5":2,"6":1,"7":1,"8":1,"9":1,"10":2,"11":2,"12":2,"13":2,"14":1,"15":1,"16":1,"17":1,"18":1,"19":1,"20":2,"21":1,"22":1,"23":2,"24":2,"25":1,"26":1,"27":1,"28":1,"29":2,"30":2,"31":2,"32":1,"33":1,"34":1,"35":1,"36":2,"37":3,"38":3,"39":3,"40":1,"41":3,"42":2,"43":2,"44":1,"45":1,"46":3,"47":3,"48":3,"49":3,"50":3,"51":3,"52":1,"53":3,"54":2,"55":2,"56":1,"57":1,"58":3,"59":1,"60":2},"f":{"0":2,"1":2,"2":1,"3":1,"4":2,"5":2,"6":2,"7":1,"8":2,"9":2,"10":2,"11":1,"12":1,"13":2,"14":2,"15":1,"16":1,"17":3,"18":3,"19":2,"20":1,"21":3,"22":3,"23":2,"24":1,"25":1},"b":{"0":[1,1],"1":[1,2],"2":[1,2]},"_coverageSchema":"1a1c01bbd47fc00a2c39e90264f33305004495a9","hash":"9e8a6dd19224a02573a6691d37cb0a91b05c3b54"}
,"/home/segware/projetos-pessoais/learn-ffmpeg-with-nodejs/src/utils/fileUtils.js": {"path":"/home/segware/projetos-pessoais/learn-ffmpeg-with-nodejs/src/utils/fileUtils.js","statementMap":{"0":{"start":{"line":1,"column":11},"end":{"line":1,"column":24}},"1":{"start":{"line":2,"column":13},"end":{"line":2,"column":28}},"2":{"start":{"line":13,"column":4},"end":{"line":15,"column":5}},"3":{"start":{"line":14,"column":6},"end":{"line":14,"column":49}},"4":{"start":{"line":24,"column":4},"end":{"line":24,"column":35}},"5":{"start":{"line":33,"column":4},"end":{"line":35,"column":5}},"6":{"start":{"line":34,"column":6},"end":{"line":34,"column":15}},"7":{"start":{"line":37,"column":18},"end":{"line":37,"column":39}},"8":{"start":{"line":38,"column":4},"end":{"line":38,"column":22}},"9":{"start":{"line":42,"column":0},"end":{"line":42,"column":33}}},"fnMap":{"0":{"name":"(anonymous_0)","decl":{"start":{"line":12,"column":2},"end":{"line":12,"column":3}},"loc":{"start":{"line":12,"column":33},"end":{"line":16,"column":3}},"line":12},"1":{"name":"(anonymous_1)","decl":{"start":{"line":23,"column":2},"end":{"line":23,"column":3}},"loc":{"start":{"line":23,"column":23},"end":{"line":25,"column":3}},"line":23},"2":{"name":"(anonymous_2)","decl":{"start":{"line":32,"column":2},"end":{"line":32,"column":3}},"loc":{"start":{"line":32,"column":24},"end":{"line":39,"column":3}},"line":32}},"branchMap":{"0":{"loc":{"start":{"line":13,"column":4},"end":{"line":15,"column":5}},"type":"if","locations":[{"start":{"line":13,"column":4},"end":{"line":15,"column":5}},{"start":{},"end":{}}],"line":13},"1":{"loc":{"start":{"line":33,"column":4},"end":{"line":35,"column":5}},"type":"if","locations":[{"start":{"line":33,"column":4},"end":{"line":35,"column":5}},{"start":{},"end":{}}],"line":33}},"s":{"0":1,"1":1,"2":2,"3":1,"4":4,"5":2,"6":1,"7":1,"8":1,"9":1},"f":{"0":2,"1":4,"2":2},"b":{"0":[1,1],"1":[1,1]},"_coverageSchema":"1a1c01bbd47fc00a2c39e90264f33305004495a9","hash":"75af9b6ee8818d7511fd82e30fde8dbdd0c55544"}
}
