TN:
SF:src/__tests__/mocks/ffmpegMock.js
FN:7,(anonymous_0)
FN:11,(anonymous_1)
FN:19,(anonymous_2)
FN:28,(anonymous_3)
FN:35,(anonymous_4)
FN:43,(anonymous_5)
FN:94,(anonymous_6)
FNF:7
FNH:7
FNDA:12,(anonymous_0)
FNDA:24,(anonymous_1)
FNDA:12,(anonymous_2)
FNDA:5,(anonymous_3)
FNDA:7,(anonymous_4)
FNDA:2,(anonymous_5)
FNDA:12,(anonymous_6)
DA:8,12
DA:9,12
DA:10,12
DA:11,12
DA:12,24
DA:13,12
DA:14,12
DA:15,12
DA:17,24
DA:19,12
DA:20,12
DA:23,12
DA:24,12
DA:29,5
DA:30,5
DA:36,7
DA:37,7
DA:43,1
DA:44,2
DA:45,1
DA:46,1
DA:50,1
DA:87,1
DA:91,1
DA:94,1
DA:95,12
DA:98,1
DA:100,1
LF:28
LH:28
BRDA:12,0,0,12
BRDA:12,0,1,12
BRDA:14,1,0,12
BRDA:14,1,1,0
BRDA:29,2,0,5
BRDA:29,2,1,0
BRDA:30,3,0,5
BRDA:30,3,1,0
BRDA:36,4,0,7
BRDA:36,4,1,0
BRDA:44,5,0,1
BRDA:44,5,1,1
BRF:12
BRH:8
end_of_record
TN:
SF:src/__tests__/mocks/fsMock.js
FNF:0
FNH:0
DA:4,1
DA:12,1
LF:2
LH:2
BRF:0
BRH:0
end_of_record
TN:
SF:src/config/app.js
FNF:0
FNH:0
DA:4,2
LF:1
LH:1
BRDA:5,0,0,2
BRDA:5,0,1,2
BRF:2
BRH:2
end_of_record
TN:
SF:src/controllers/ffmpegController.js
FN:10,(anonymous_0)
FN:23,(anonymous_1)
FN:36,(anonymous_2)
FN:49,(anonymous_3)
FN:62,(anonymous_4)
FN:75,(anonymous_5)
FN:88,(anonymous_6)
FNF:7
FNH:7
FNDA:2,(anonymous_0)
FNDA:2,(anonymous_1)
FNDA:2,(anonymous_2)
FNDA:2,(anonymous_3)
FNDA:2,(anonymous_4)
FNDA:2,(anonymous_5)
FNDA:2,(anonymous_6)
DA:1,1
DA:11,2
DA:12,2
DA:13,1
DA:15,1
DA:16,1
DA:24,2
DA:25,2
DA:26,1
DA:28,1
DA:29,1
DA:37,2
DA:38,2
DA:39,1
DA:41,1
DA:42,1
DA:50,2
DA:51,2
DA:52,1
DA:54,1
DA:55,1
DA:63,2
DA:64,2
DA:65,1
DA:67,1
DA:68,1
DA:76,2
DA:77,2
DA:78,1
DA:80,1
DA:81,1
DA:89,2
DA:90,2
DA:92,1
DA:93,1
DA:98,1
LF:36
LH:36
BRF:0
BRH:0
end_of_record
TN:
SF:src/services/ffmpegService.js
FN:13,(anonymous_0)
FN:14,(anonymous_1)
FN:17,(anonymous_2)
FN:21,(anonymous_3)
FN:33,(anonymous_4)
FN:34,(anonymous_5)
FN:35,(anonymous_6)
FN:44,(anonymous_7)
FN:47,(anonymous_8)
FN:90,(anonymous_9)
FN:91,(anonymous_10)
FN:95,(anonymous_11)
FN:99,(anonymous_12)
FN:111,(anonymous_13)
FN:112,(anonymous_14)
FN:124,(anonymous_15)
FN:128,(anonymous_16)
FN:140,(anonymous_17)
FN:141,(anonymous_18)
FN:160,(anonymous_19)
FN:164,(anonymous_20)
FN:176,(anonymous_21)
FN:177,(anonymous_22)
FN:193,(anonymous_23)
FN:197,(anonymous_24)
FN:209,(anonymous_25)
FNF:26
FNH:26
FNDA:2,(anonymous_0)
FNDA:2,(anonymous_1)
FNDA:1,(anonymous_2)
FNDA:1,(anonymous_3)
FNDA:2,(anonymous_4)
FNDA:2,(anonymous_5)
FNDA:2,(anonymous_6)
FNDA:1,(anonymous_7)
FNDA:2,(anonymous_8)
FNDA:2,(anonymous_9)
FNDA:2,(anonymous_10)
FNDA:1,(anonymous_11)
FNDA:1,(anonymous_12)
FNDA:2,(anonymous_13)
FNDA:2,(anonymous_14)
FNDA:1,(anonymous_15)
FNDA:1,(anonymous_16)
FNDA:3,(anonymous_17)
FNDA:3,(anonymous_18)
FNDA:2,(anonymous_19)
FNDA:1,(anonymous_20)
FNDA:3,(anonymous_21)
FNDA:3,(anonymous_22)
FNDA:2,(anonymous_23)
FNDA:1,(anonymous_24)
FNDA:1,(anonymous_25)
DA:1,2
DA:2,2
DA:3,2
DA:4,2
DA:14,2
DA:15,2
DA:18,1
DA:19,1
DA:22,1
DA:23,1
DA:26,2
DA:34,2
DA:35,2
DA:36,2
DA:37,1
DA:38,1
DA:39,1
DA:43,1
DA:44,1
DA:46,1
DA:47,2
DA:51,1
DA:82,1
DA:91,2
DA:92,2
DA:96,1
DA:97,1
DA:100,1
DA:101,1
DA:104,2
DA:112,2
DA:113,2
DA:125,1
DA:126,1
DA:129,1
DA:130,1
DA:133,2
DA:141,3
DA:142,3
DA:145,3
DA:146,1
DA:149,3
DA:161,2
DA:162,2
DA:165,1
DA:166,1
DA:169,3
DA:177,3
DA:178,3
DA:179,3
DA:180,3
DA:183,3
DA:184,1
DA:187,3
DA:194,2
DA:195,2
DA:198,1
DA:199,1
DA:202,3
DA:210,1
DA:214,2
LF:61
LH:61
BRDA:36,0,0,1
BRDA:36,0,1,1
BRDA:145,1,0,1
BRDA:145,1,1,2
BRDA:183,2,0,1
BRDA:183,2,1,2
BRF:6
BRH:6
end_of_record
TN:
SF:src/utils/fileUtils.js
FN:12,(anonymous_0)
FN:23,(anonymous_1)
FN:32,(anonymous_2)
FNF:3
FNH:3
FNDA:2,(anonymous_0)
FNDA:4,(anonymous_1)
FNDA:2,(anonymous_2)
DA:1,1
DA:2,1
DA:13,2
DA:14,1
DA:24,4
DA:33,2
DA:34,1
DA:37,1
DA:38,1
DA:42,1
LF:10
LH:10
BRDA:13,0,0,1
BRDA:13,0,1,1
BRDA:33,1,0,1
BRDA:33,1,1,1
BRF:4
BRH:4
end_of_record
